<?xml version="1.0" encoding="UTF-8"?>
<!-- Generated by org.testng.reporters.JUnitReportReporter -->
<testsuite skipped="0" hostname="HardY-BouY.local" name="com.selenium.hardik.seleniumpro.googlesearch" tests="1" failures="0" timestamp="22 Mar 2017 21:42:22 GMT" time="13.294" errors="0">
  <testcase name="namefinder" time="13.294" classname="com.selenium.hardik.seleniumpro.googlesearch"/>
</testsuite> <!-- com.selenium.hardik.seleniumpro.googlesearch -->
